<?xml version="1.0" encoding="UTF-8"?>
<testng-results ignored="0" total="1" passed="1" failed="0" skipped="0">
  <reporter-output>
  </reporter-output>
  <suite started-at="2024-07-02T17:40:43 IST" name="Default suite" finished-at="2024-07-02T17:40:46 IST" duration-ms="3465">
    <groups>
    </groups>
    <test started-at="2024-07-02T17:40:43 IST" name="Default test" finished-at="2024-07-02T17:40:46 IST" duration-ms="3465">
      <class name="panCardMock.CreditCardPaymentTest">
        <test-method signature="sampleTest()[pri:0, instance:panCardMock.CreditCardPaymentTest@1dde4cb2]" started-at="2024-07-02T17:40:43 IST" name="sampleTest" finished-at="2024-07-02T17:40:46 IST" duration-ms="3405" status="PASS">
          <reporter-output>
          </reporter-output>
        </test-method> <!-- sampleTest -->
      </class> <!-- panCardMock.CreditCardPaymentTest -->
    </test> <!-- Default test -->
  </suite> <!-- Default suite -->
</testng-results>
